Start testing: Apr 28 19:19 CEST
----------------------------------------------------------
1/1 Testing: INIEditorTests
1/1 Test: INIEditorTests
Command: "/home/rahjael/Coding/INIEditor_test/build/test/INIEditorTests"
Directory: /home/rahjael/Coding/INIEditor_test/build/test
"INIEditorTests" start time: Apr 28 19:19 CEST
Output:
----------------------------------------------------------
Running main() from /home/rahjael/Coding/INIEditor_test/googletest/googletest/src/gtest_main.cc
[==========] Running 6 tests from 2 test suites.
[----------] Global test environment set-up.
[----------] 1 test from UTILITY
[ RUN      ] UTILITY.WhereAmI
You are here: "/home/rahjael/Coding/INIEditor_test/build/test"
[       OK ] UTILITY.WhereAmI (0 ms)
[----------] 1 test from UTILITY (0 ms total)

[----------] 5 tests from INIEditor
[ RUN      ] INIEditor.file_parsing
[       OK ] INIEditor.file_parsing (0 ms)
[ RUN      ] INIEditor.whitespace_removal_during_parsing
[       OK ] INIEditor.whitespace_removal_during_parsing (0 ms)
[ RUN      ] INIEditor.setWorkingFile
[       OK ] INIEditor.setWorkingFile (0 ms)
[ RUN      ] INIEditor.clearAll
[       OK ] INIEditor.clearAll (0 ms)
[ RUN      ] INIEditor.getKeyValuePair
[       OK ] INIEditor.getKeyValuePair (0 ms)
[----------] 5 tests from INIEditor (0 ms total)

[----------] Global test environment tear-down
[==========] 6 tests from 2 test suites ran. (0 ms total)
[  PASSED  ] 6 tests.
<end of output>
Test time =   0.00 sec
----------------------------------------------------------
Test Passed.
"INIEditorTests" end time: Apr 28 19:19 CEST
"INIEditorTests" time elapsed: 00:00:00
----------------------------------------------------------

End testing: Apr 28 19:19 CEST
